#-----------------------------------------------------------
# Vivado v2018.2 (64-bit)
# SW Build 2258646 on Thu Jun 14 20:03:12 MDT 2018
# IP Build 2256618 on Thu Jun 14 22:10:49 MDT 2018
# Start of session at: Tue Dec 25 09:47:25 2018
# Process ID: 1804
# Current directory: D:/DERS/ee102/Term Project/Final Phase/digital_term_project
# Command line: vivado.exe -gui_launcher_event rodinguilauncherevent2284 D:\DERS\ee102\Term Project\Final Phase\digital_term_project\digital_term_project.xpr
# Log file: D:/DERS/ee102/Term Project/Final Phase/digital_term_project/vivado.log
# Journal file: D:/DERS/ee102/Term Project/Final Phase/digital_term_project\vivado.jou
#-----------------------------------------------------------
start_gui
open_project {D:/DERS/ee102/Term Project/Final Phase/digital_term_project/digital_term_project.xpr}
Scanning sources...
Finished scanning sources
INFO: [IP_Flow 19-234] Refreshing IP repositories
INFO: [IP_Flow 19-1704] No user IP repositories specified
INFO: [IP_Flow 19-2313] Loaded Vivado IP repository 'C:/Vivado/2018.2/data/ip'.
open_project: Time (s): cpu = 00:00:18 ; elapsed = 00:00:12 . Memory (MB): peak = 815.848 ; gain = 103.000
update_compile_order -fileset sources_1
open_hw
connect_hw_server
INFO: [Labtools 27-2285] Connecting to hw_server url TCP:localhost:3121
INFO: [Labtools 27-2222] Launching hw_server...
INFO: [Labtools 27-2221] Launch Output:

****** Xilinx hw_server v2018.2
  **** Build date : Jun 14 2018-20:42:52
    ** Copyright 1986-2018 Xilinx, Inc. All Rights Reserved.


open_hw_target
INFO: [Labtoolstcl 44-466] Opening hw_target localhost:3121/xilinx_tcf/Digilent/210183A27E7EA
set_property PROGRAM.FILE {D:\DERS\ee102\Term Project\Phase 2\phase2_sample\phase2_sample.runs\impl_1\servo_control.bit} [get_hw_devices xc7a35t_0]
current_hw_device [get_hw_devices xc7a35t_0]
refresh_hw_device -update_hw_probes false [lindex [get_hw_devices xc7a35t_0] 0]
INFO: [Labtools 27-1435] Device xc7a35t (JTAG device index = 0) is not programmed (DONE status = 0).
close_hw
